<?xml version="1.0" encoding="UTF-8"?>
<!-- Generated by org.testng.reporters.JUnitReportReporter -->
<testsuite hostname="CCLNiranjan" failures="0" tests="2" name="LoginTestCases.LoginLogout_TC_01" time="21.280" errors="0" timestamp="2024-07-16T10:38:08 IST" skipped="0">
  <testcase classname="LoginTestCases.LoginLogout_TC_01" name="testLoginAndLogout" time="11.009"/>
  <testcase classname="LoginTestCases.LoginLogout_TC_01" name="testLoginAndLogout" time="10.271"/>
</testsuite> <!-- LoginTestCases.LoginLogout_TC_01 -->
